This is pdfTeX, Version 3.14159265-2.6-1.40.16 (TeX Live 2015) (preloaded format=pdflatex 2015.7.28)  14 FEB 2018 15:25
entering extended mode
 restricted \write18 enabled.
 file:line:error style messages enabled.
 %&-line parsing enabled.
**/Users/gavwaite/Documents/University/Year5/Semester2/BitbucketCourseworks/COP
T/CW/report/copt_cw_report.tex

(/Users/gavwaite/Documents/University/Year5/Semester2/BitbucketCourseworks/COPT
/CW/report/copt_cw_report.tex
LaTeX2e <2015/01/01>
Babel <3.9l> and hyphenation patterns for 79 languages loaded.
(/usr/local/texlive/2015/texmf-dist/tex/latex/base/article.cls
Document Class: article 2014/09/29 v1.4h Standard LaTeX document class
(/usr/local/texlive/2015/texmf-dist/tex/latex/base/size10.clo
File: size10.clo 2014/09/29 v1.4h Standard LaTeX file (size option)
)
\c@part=\count79
\c@section=\count80
\c@subsection=\count81
\c@subsubsection=\count82
\c@paragraph=\count83
\c@subparagraph=\count84
\c@figure=\count85
\c@table=\count86
\abovecaptionskip=\skip41
\belowcaptionskip=\skip42
\bibindent=\dimen102
)
(/usr/local/texlive/2015/texmf-dist/tex/latex/booktabs/booktabs.sty
Package: booktabs 2005/04/14 v1.61803 publication quality tables
\heavyrulewidth=\dimen103
\lightrulewidth=\dimen104
\cmidrulewidth=\dimen105
\belowrulesep=\dimen106
\belowbottomsep=\dimen107
\aboverulesep=\dimen108
\abovetopsep=\dimen109
\cmidrulesep=\dimen110
\cmidrulekern=\dimen111
\defaultaddspace=\dimen112
\@cmidla=\count87
\@cmidlb=\count88
\@aboverulesep=\dimen113
\@belowrulesep=\dimen114
\@thisruleclass=\count89
\@lastruleclass=\count90
\@thisrulewidth=\dimen115
)
(/usr/local/texlive/2015/texmf-dist/tex/latex/graphics/graphicx.sty
Package: graphicx 2014/10/28 v1.0g Enhanced LaTeX Graphics (DPC,SPQR)

(/usr/local/texlive/2015/texmf-dist/tex/latex/graphics/keyval.sty
Package: keyval 2014/10/28 v1.15 key=value parser (DPC)
\KV@toks@=\toks14
)
(/usr/local/texlive/2015/texmf-dist/tex/latex/graphics/graphics.sty
Package: graphics 2014/10/28 v1.0p Standard LaTeX Graphics (DPC,SPQR)

(/usr/local/texlive/2015/texmf-dist/tex/latex/graphics/trig.sty
Package: trig 1999/03/16 v1.09 sin cos tan (DPC)
)
(/usr/local/texlive/2015/texmf-dist/tex/latex/latexconfig/graphics.cfg
File: graphics.cfg 2010/04/23 v1.9 graphics configuration of TeX Live
)
Package graphics Info: Driver file: pdftex.def on input line 94.

(/usr/local/texlive/2015/texmf-dist/tex/latex/pdftex-def/pdftex.def
File: pdftex.def 2011/05/27 v0.06d Graphics/color for pdfTeX

(/usr/local/texlive/2015/texmf-dist/tex/generic/oberdiek/infwarerr.sty
Package: infwarerr 2010/04/08 v1.3 Providing info/warning/error messages (HO)
)
(/usr/local/texlive/2015/texmf-dist/tex/generic/oberdiek/ltxcmds.sty
Package: ltxcmds 2011/11/09 v1.22 LaTeX kernel commands for general use (HO)
)
\Gread@gobject=\count91
))
\Gin@req@height=\dimen116
\Gin@req@width=\dimen117
)
(/usr/local/texlive/2015/texmf-dist/tex/latex/multirow/multirow.sty
\bigstrutjot=\dimen118
)
(/usr/local/texlive/2015/texmf-dist/tex/latex/tools/tabularx.sty
Package: tabularx 2014/10/28 v2.10 `tabularx' package (DPC)

(/usr/local/texlive/2015/texmf-dist/tex/latex/tools/array.sty
Package: array 2014/10/28 v2.4c Tabular extension package (FMi)
\col@sep=\dimen119
\extrarowheight=\dimen120
\NC@list=\toks15
\extratabsurround=\skip43
\backup@length=\skip44
)
\TX@col@width=\dimen121
\TX@old@table=\dimen122
\TX@old@col=\dimen123
\TX@target=\dimen124
\TX@delta=\dimen125
\TX@cols=\count92
\TX@ftn=\toks16
)
(/usr/local/texlive/2015/texmf-dist/tex/latex/ltablex/ltablex.sty
Package: ltablex 2014/08/13 v1.1 Modified tabularx

(/usr/local/texlive/2015/texmf-dist/tex/latex/tools/longtable.sty
Package: longtable 2014/10/28 v4.11 Multi-page Table package (DPC)
\LTleft=\skip45
\LTright=\skip46
\LTpre=\skip47
\LTpost=\skip48
\LTchunksize=\count93
\LTcapwidth=\dimen126
\LT@head=\box26
\LT@firsthead=\box27
\LT@foot=\box28
\LT@lastfoot=\box29
\LT@cols=\count94
\LT@rows=\count95
\c@LT@tables=\count96
\c@LT@chunks=\count97
\LT@p@ftn=\toks17
))
(/usr/local/texlive/2015/texmf-dist/tex/latex/float/float.sty
Package: float 2001/11/08 v1.3d Float enhancements (AL)
\c@float@type=\count98
\float@exts=\toks18
\float@box=\box30
\@float@everytoks=\toks19
\@floatcapt=\box31
)
(./copt_cw_report.aux)
\openout1 = `copt_cw_report.aux'.

LaTeX Font Info:    Checking defaults for OML/cmm/m/it on input line 50.
LaTeX Font Info:    ... okay on input line 50.
LaTeX Font Info:    Checking defaults for T1/cmr/m/n on input line 50.
LaTeX Font Info:    ... okay on input line 50.
LaTeX Font Info:    Checking defaults for OT1/cmr/m/n on input line 50.
LaTeX Font Info:    ... okay on input line 50.
LaTeX Font Info:    Checking defaults for OMS/cmsy/m/n on input line 50.
LaTeX Font Info:    ... okay on input line 50.
LaTeX Font Info:    Checking defaults for OMX/cmex/m/n on input line 50.
LaTeX Font Info:    ... okay on input line 50.
LaTeX Font Info:    Checking defaults for U/cmr/m/n on input line 50.
LaTeX Font Info:    ... okay on input line 50.

(/usr/local/texlive/2015/texmf-dist/tex/context/base/supp-pdf.mkii
[Loading MPS to PDF converter (version 2006.09.02).]
\scratchcounter=\count99
\scratchdimen=\dimen127
\scratchbox=\box32
\nofMPsegments=\count100
\nofMParguments=\count101
\everyMPshowfont=\toks20
\MPscratchCnt=\count102
\MPscratchDim=\dimen128
\MPnumerator=\count103
\makeMPintoPDFobject=\count104
\everyMPtoPDFconversion=\toks21
) (/usr/local/texlive/2015/texmf-dist/tex/generic/oberdiek/pdftexcmds.sty
Package: pdftexcmds 2011/11/29 v0.20 Utility functions of pdfTeX for LuaTeX (HO
)

(/usr/local/texlive/2015/texmf-dist/tex/generic/oberdiek/ifluatex.sty
Package: ifluatex 2010/03/01 v1.3 Provides the ifluatex switch (HO)
Package ifluatex Info: LuaTeX not detected.
)
(/usr/local/texlive/2015/texmf-dist/tex/generic/oberdiek/ifpdf.sty
Package: ifpdf 2011/01/30 v2.3 Provides the ifpdf switch (HO)
Package ifpdf Info: pdfTeX in PDF mode is detected.
)
Package pdftexcmds Info: LuaTeX not detected.
Package pdftexcmds Info: \pdf@primitive is available.
Package pdftexcmds Info: \pdf@ifprimitive is available.
Package pdftexcmds Info: \pdfdraftmode found.
)
(/usr/local/texlive/2015/texmf-dist/tex/latex/oberdiek/epstopdf-base.sty
Package: epstopdf-base 2010/02/09 v2.5 Base part for package epstopdf

(/usr/local/texlive/2015/texmf-dist/tex/latex/oberdiek/grfext.sty
Package: grfext 2010/08/19 v1.1 Manage graphics extensions (HO)

(/usr/local/texlive/2015/texmf-dist/tex/generic/oberdiek/kvdefinekeys.sty
Package: kvdefinekeys 2011/04/07 v1.3 Define keys (HO)
))
(/usr/local/texlive/2015/texmf-dist/tex/latex/oberdiek/kvoptions.sty
Package: kvoptions 2011/06/30 v3.11 Key value format for package options (HO)

(/usr/local/texlive/2015/texmf-dist/tex/generic/oberdiek/kvsetkeys.sty
Package: kvsetkeys 2012/04/25 v1.16 Key value parser (HO)

(/usr/local/texlive/2015/texmf-dist/tex/generic/oberdiek/etexcmds.sty
Package: etexcmds 2011/02/16 v1.5 Avoid name clashes with e-TeX commands (HO)
Package etexcmds Info: Could not find \expanded.
(etexcmds)             That can mean that you are not using pdfTeX 1.50 or
(etexcmds)             that some package has redefined \expanded.
(etexcmds)             In the latter case, load this package earlier.
)))
Package grfext Info: Graphics extension search list:
(grfext)             [.png,.pdf,.jpg,.mps,.jpeg,.jbig2,.jb2,.PNG,.PDF,.JPG,.JPE
G,.JBIG2,.JB2,.eps]
(grfext)             \AppendGraphicsExtensions on input line 452.

(/usr/local/texlive/2015/texmf-dist/tex/latex/latexconfig/epstopdf-sys.cfg
File: epstopdf-sys.cfg 2010/07/13 v1.3 Configuration of (r)epstopdf for TeX Liv
e
))
LaTeX Font Info:    External font `cmex10' loaded for size
(Font)              <12> on input line 67.
LaTeX Font Info:    External font `cmex10' loaded for size
(Font)              <8> on input line 67.
LaTeX Font Info:    External font `cmex10' loaded for size
(Font)              <6> on input line 67.
LaTeX Font Info:    External font `cmex10' loaded for size
(Font)              <7> on input line 92.
LaTeX Font Info:    External font `cmex10' loaded for size
(Font)              <5> on input line 92.

[1{/usr/local/texlive/2015/texmf-var/fonts/map/pdftex/updmap/pdftex.map}


]
[2]
Underfull \vbox (badness 4467) has occurred while \output is active []

 [3]
Underfull \vbox (badness 10000) has occurred while \output is active []


Underfull \vbox (badness 10000) has occurred while \output is active []

 [4]
Underfull \vbox (badness 5331) has occurred while \output is active []


Underfull \vbox (badness 10000) has occurred while \output is active []

 [5]
Underfull \vbox (badness 1127) has occurred while \output is active []


Underfull \vbox (badness 10000) has occurred while \output is active []

 [6]
Underfull \hbox (badness 1325) in paragraph at lines 790--791
[]\OT1/cmr/m/n/10 Across all flag weight sets, the high-est value
 []


Underfull \hbox (badness 7722) in paragraph at lines 824--828
[]\OT1/cmr/m/n/10 Free Soft-ware Foun-da-tion, Inc. ``3.10 Op-
 []


Underfull \hbox (badness 10000) in paragraph at lines 824--828
\OT1/cmr/m/n/10 tions That Con-trol Op-ti-miza-tion,'' \OT1/cmr/m/it/10 Us-
 []


Underfull \hbox (badness 10000) in paragraph at lines 824--828
\OT1/cmr/m/it/10 ing the GNU Com-piler Col-lec-tion (GCC)
 []


Underfull \hbox (badness 10000) in paragraph at lines 824--828
\OT1/cmr/m/n/10 https://gcc.gnu.org/onlinedocs/gcc/Optimize-
 []


Underfull \hbox (badness 6110) in paragraph at lines 830--833
[]\OT1/cmr/m/n/10 Torsten Hoe-fler, ``How many mea-sure-ments
 []


Overfull \hbox (35.25479pt too wide) in paragraph at lines 830--833
\OT1/cmr/m/n/10 https://htor.inf.ethz.ch/blog/index.php/2016/04/14/how-
 []


Underfull \hbox (badness 10000) in paragraph at lines 830--833
\OT1/cmr/m/n/10 many-measurements-do-you-need-to-report-a-
 []

[7]
Underfull \hbox (badness 10000) in paragraph at lines 876--876
[]|\OT1/cmtt/m/n/10 -O3 -fsplit-loops -fbranch-probabilities -fsched-stalled-in
sns -fweb
 []


Underfull \hbox (badness 10000) in paragraph at lines 876--876
\OT1/cmtt/m/n/10 -fselective-scheduling -fno-predictive-commoning -floop-unroll
-and-jam
 []


Underfull \hbox (badness 10000) in paragraph at lines 876--876
\OT1/cmtt/m/n/10 -fstdarg-opt -fkeep-inline-functions -funroll-loops
 []


Underfull \hbox (badness 10000) in paragraph at lines 876--876
\OT1/cmtt/m/n/10 -fno-zero-initialized-in-bss -fprefetch-loop-arrays -fno-defer
-pop
 []


Underfull \hbox (badness 10000) in paragraph at lines 876--876
\OT1/cmtt/m/n/10 -floop-nest-optimize -fno-function-cse -fmerge-all-constants
 []


Underfull \hbox (badness 10000) in paragraph at lines 876--876
\OT1/cmtt/m/n/10 -flimit-function-alignment -fgcse-las -fvpt -fno-inline-functi
ons
 []


Underfull \hbox (badness 10000) in paragraph at lines 876--876
\OT1/cmtt/m/n/10 -fsched-critical-path-heuristic -fpeel-loops -fconserve-stack
 []


Underfull \hbox (badness 10000) in paragraph at lines 876--876
\OT1/cmtt/m/n/10 -fsched-spec-load-dangerous -fipa-pta -fsched-spec-insn-heuris
tic
 []


Underfull \hbox (badness 10000) in paragraph at lines 876--876
\OT1/cmtt/m/n/10 -funroll-all-loops -fvariable-expansion-in-unroller
 []


Underfull \hbox (badness 10000) in paragraph at lines 876--876
\OT1/cmtt/m/n/10 -fselective-scheduling2 -fsched-group-heuristic -fsched-rank-h
euristic
 []


Underfull \hbox (badness 10000) in paragraph at lines 876--876
\OT1/cmtt/m/n/10 -fmodulo-sched -fsection-anchors -fisolate-erroneous-paths-att
ribute
 []


Underfull \hbox (badness 10000) in paragraph at lines 876--876
\OT1/cmtt/m/n/10 -fivopts -funswitch-loops -fno-ipa-cp-clone -ftree-vectorize
 []


Underfull \hbox (badness 10000) in paragraph at lines 876--876
[]|\OT1/cmtt/m/n/10 -O3 -fselective-scheduling -funroll-loops -fprofile-use
 []


Underfull \hbox (badness 10000) in paragraph at lines 876--876
\OT1/cmtt/m/n/10 -fsched-last-insn-heuristic -fstdarg-opt -fsched-rank-heuristi
c
 []


Underfull \hbox (badness 10000) in paragraph at lines 876--876
\OT1/cmtt/m/n/10 -flimit-function-alignment -fselective-scheduling2 -fmodulo-sc
hed
 []


Underfull \hbox (badness 10000) in paragraph at lines 876--876
\OT1/cmtt/m/n/10 -floop-nest-optimize -fsched-spec-load-dangerous -fipa-pta
 []


Underfull \hbox (badness 10000) in paragraph at lines 876--876
\OT1/cmtt/m/n/10 -fgcse-after-reload -fprofile-correction -fkeep-static-functio
ns
 []


Underfull \hbox (badness 10000) in paragraph at lines 876--876
\OT1/cmtt/m/n/10 -fprefetch-loop-arrays -flto -fbtr-bb-exclusive -funswitch-loo
ps
 []


Underfull \hbox (badness 10000) in paragraph at lines 876--876
[]|\OT1/cmtt/m/n/10 -O3 -ftree-vectorize -fisolate-erroneous-paths-attribute -f
lto
 []


Underfull \hbox (badness 10000) in paragraph at lines 876--876
[]|\OT1/cmtt/m/n/10 -O3 -fisolate-erroneous-paths-attribute -fno-ira-share-spil
l-slots
 []


Underfull \hbox (badness 10000) in paragraph at lines 876--876
\OT1/cmtt/m/n/10 -fsched-stalled-insns-dep -fno-zero-initialized-in-bss -flto
 []


Underfull \hbox (badness 10000) in paragraph at lines 876--876
\OT1/cmtt/m/n/10 -fcx-limited-range -fprofile-use -fselective-scheduling2
 []


Underfull \hbox (badness 10000) in paragraph at lines 876--876
\OT1/cmtt/m/n/10 -fstdarg-opt -fipa-pta -fgcse-sm -fsched-dep-count-heuristic
 []


Underfull \hbox (badness 10000) in paragraph at lines 876--876
\OT1/cmtt/m/n/10 -fsplit-loops -fsched-group-heuristic -frename-registers
 []


Underfull \hbox (badness 10000) in paragraph at lines 876--876
[]|\OT1/cmtt/m/n/10 -O3 -fselective-scheduling -fno-ira-share-save-slots
 []


Underfull \hbox (badness 10000) in paragraph at lines 876--876
\OT1/cmtt/m/n/10 -flto -flive-range-shrinkage -fsched-stalled-insns
 []


Underfull \hbox (badness 10000) in paragraph at lines 876--876
\OT1/cmtt/m/n/10 -fsched-last-insn-heuristic -fweb -fdevirtualize-speculatively
 -fvpt
 []


Underfull \hbox (badness 10000) in paragraph at lines 876--876
\OT1/cmtt/m/n/10 -fgcse-sm -fno-function-cse -floop-parallelize-all -fprofile-u
se
 []


Underfull \hbox (badness 10000) in paragraph at lines 876--876
\OT1/cmtt/m/n/10 -fgcse-after-reload -fivopts -fstdarg-opt -flimit-function-ali
gnment
 []


Underfull \hbox (badness 10000) in paragraph at lines 876--876
\OT1/cmtt/m/n/10 -fno-ipa-cp-clone -fprefetch-loop-arrays -funroll-all-loops
 []


Underfull \hbox (badness 10000) in paragraph at lines 876--876
\OT1/cmtt/m/n/10 -fconserve-stack -fkeep-inline-functions -fsched2-use-superblo
cks
 []


Underfull \hbox (badness 10000) in paragraph at lines 876--876
\OT1/cmtt/m/n/10 -freschedule-modulo-scheduled-loops -fsched-spec-insn-heuristi
c
 []


Underfull \hbox (badness 10000) in paragraph at lines 876--876
\OT1/cmtt/m/n/10 -fkeep-static-functions -fvariable-expansion-in-unroller
 []


Underfull \hbox (badness 10000) in paragraph at lines 876--876
[]|\OT1/cmtt/m/n/10 -O3 -fgcse-after-reload -floop-unroll-and-jam -fkeep-inline
-functions
 []


Underfull \hbox (badness 10000) in paragraph at lines 876--876
\OT1/cmtt/m/n/10 -fbtr-bb-exclusive -fbranch-target-load-optimize -fivopts
 []


Underfull \hbox (badness 10000) in paragraph at lines 876--876
\OT1/cmtt/m/n/10 -fsched-spec-load-dangerous -funroll-all-loops -fpeel-loops
 []


Underfull \hbox (badness 10000) in paragraph at lines 876--876
\OT1/cmtt/m/n/10 -fsched2-use-superblocks -fprefetch-loop-arrays -flto -fweb
 []


Underfull \hbox (badness 10000) in paragraph at lines 876--876
\OT1/cmtt/m/n/10 -fselective-scheduling -fmerge-all-constants -fipa-pta
 []


Underfull \hbox (badness 10000) in paragraph at lines 876--876
\OT1/cmtt/m/n/10 -fno-ira-share-spill-slots -flimit-function-alignment
 []


Underfull \hbox (badness 10000) in paragraph at lines 876--876
\OT1/cmtt/m/n/10 -fno-function-cse -fgcse-sm -fsched-critical-path-heuristic
 []


Underfull \hbox (badness 10000) in paragraph at lines 876--876
\OT1/cmtt/m/n/10 -floop-nest-optimize -frename-registers -fbranch-probabilities

 []


Underfull \hbox (badness 10000) in paragraph at lines 876--876
\OT1/cmtt/m/n/10 -fsched-pressure -fcx-limited-range -fsched-spec-load
 []


Underfull \hbox (badness 10000) in paragraph at lines 876--876
\OT1/cmtt/m/n/10 -fsched-spec-insn-heuristic -ftree-loop-ivcanon -funroll-loops

 []


Underfull \hbox (badness 10000) in paragraph at lines 876--876
[]|\OT1/cmtt/m/n/10 -O3 -fno-predictive-commoning -fno-function-cse -fsched-ran
k-heuristic
 []


Underfull \hbox (badness 10000) in paragraph at lines 876--876
\OT1/cmtt/m/n/10 -fmodulo-sched -flto -funswitch-loops -ftree-loop-ivcanon
 []


Underfull \hbox (badness 10000) in paragraph at lines 876--876
\OT1/cmtt/m/n/10 -fsched-dep-count-heuristic -fisolate-erroneous-paths-attribut
e
 []


Underfull \hbox (badness 10000) in paragraph at lines 876--876
\OT1/cmtt/m/n/10 -fsched-spec-load -fsched-stalled-insns -fcx-limited-range
 []


Underfull \hbox (badness 10000) in paragraph at lines 876--876
\OT1/cmtt/m/n/10 -fno-zero-initialized-in-bss -funroll-all-loops
 []


Underfull \hbox (badness 10000) in paragraph at lines 876--876
\OT1/cmtt/m/n/10 -flive-range-shrinkage -fpeel-loops -fgcse-sm -fweb
 []


Underfull \hbox (badness 10000) in paragraph at lines 876--876
\OT1/cmtt/m/n/10 -fgcse-after-reload -fsched-critical-path-heuristic -fivopts
 []


Underfull \hbox (badness 10000) in paragraph at lines 876--876
\OT1/cmtt/m/n/10 -fvariable-expansion-in-unroller -fno-defer-pop -fipa-pta
 []


Underfull \hbox (badness 10000) in paragraph at lines 876--876
\OT1/cmtt/m/n/10 -fsched-stalled-insns-dep -fno-ira-share-save-slots -fsched-pr
essure
 []


Underfull \hbox (badness 10000) in paragraph at lines 876--876
[]|\OT1/cmtt/m/n/10 -O3 -fmerge-all-constants -floop-unroll-and-jam
 []


Underfull \hbox (badness 10000) in paragraph at lines 876--876
\OT1/cmtt/m/n/10 -fsched-spec-load-dangerous -fvariable-expansion-in-unroller
 []


Underfull \hbox (badness 10000) in paragraph at lines 876--876
\OT1/cmtt/m/n/10 -floop-parallelize-all -fgcse-las -fisolate-erroneous-paths-at
tribute
 []


Underfull \hbox (badness 10000) in paragraph at lines 876--876
\OT1/cmtt/m/n/10 -fselective-scheduling -fsplit-loops -flimit-function-alignmen
t
 []


Underfull \hbox (badness 10000) in paragraph at lines 876--876
\OT1/cmtt/m/n/10 -fmodulo-sched -fno-ira-share-save-slots -fsched2-use-superblo
cks
 []


Underfull \hbox (badness 10000) in paragraph at lines 876--876
\OT1/cmtt/m/n/10 -fweb -fno-zero-initialized-in-bss -fpeel-loops -flive-range-s
hrinkage
 []


Underfull \hbox (badness 10000) in paragraph at lines 876--876
\OT1/cmtt/m/n/10 -fbranch-target-load-optimize2 -fivopts -fgcse-after-reload
 []


Underfull \hbox (badness 10000) in paragraph at lines 876--876
\OT1/cmtt/m/n/10 -fbtr-bb-exclusive -fconserve-stack -fstdarg-opt
 []


Underfull \hbox (badness 10000) in paragraph at lines 876--876
\OT1/cmtt/m/n/10 -fsched-stalled-insns -fno-function-cse -fsection-anchors
 []


Underfull \hbox (badness 10000) in paragraph at lines 876--876
\OT1/cmtt/m/n/10 -freschedule-modulo-scheduled-loops -frename-registers
 []


Underfull \hbox (badness 10000) in paragraph at lines 876--876
\OT1/cmtt/m/n/10 -fdevirtualize-speculatively -fkeep-static-functions
 []


Underfull \hbox (badness 10000) in paragraph at lines 876--876
\OT1/cmtt/m/n/10 -fno-defer-pop -fno-predictive-commoning -fsched-stalled-insns
-dep
 []


Underfull \hbox (badness 10000) in paragraph at lines 876--876
\OT1/cmtt/m/n/10 -fsched-last-insn-heuristic -fno-ipa-cp-clone -ftree-vectorize

 []


Underfull \hbox (badness 10000) in paragraph at lines 876--876
\OT1/cmtt/m/n/10 -ftree-loop-ivcanon -fsched-spec-insn-heuristic
 []


Underfull \hbox (badness 10000) in paragraph at lines 876--876
\OT1/cmtt/m/n/10 -fipa-pta -fprefetch-loop-arrays -fprofile-correction
 []


Underfull \hbox (badness 10000) in paragraph at lines 876--876
\OT1/cmtt/m/n/10 -fsched-dep-count-heuristic -fno-ira-share-spill-slots
 []


Underfull \hbox (badness 10000) in paragraph at lines 876--876
[]|\OT1/cmtt/m/n/10 -O3 -flto -fsched-stalled-insns -fcx-limited-range
 []


Underfull \hbox (badness 10000) in paragraph at lines 876--876
\OT1/cmtt/m/n/10 -fgcse-sm -fprefetch-loop-arrays -floop-parallelize-all
 []


Underfull \hbox (badness 10000) in paragraph at lines 876--876
[]|\OT1/cmtt/m/n/10 -O3 -fsched2-use-superblocks -floop-nest-optimize
 []


Underfull \hbox (badness 10000) in paragraph at lines 876--876
\OT1/cmtt/m/n/10 -fsched-pressure -fno-defer-pop -floop-interchange
 []


Underfull \hbox (badness 10000) in paragraph at lines 876--876
\OT1/cmtt/m/n/10 -fno-predictive-commoning -fivopts -fgcse-sm -fsched-stalled-i
nsns-dep
 []


Underfull \hbox (badness 10000) in paragraph at lines 876--876
\OT1/cmtt/m/n/10 -fpeel-loops -fsched-spec-load-dangerous -fsplit-loops
 []


Underfull \hbox (badness 10000) in paragraph at lines 876--876
\OT1/cmtt/m/n/10 -fkeep-static-functions -floop-parallelize-all
 []


Underfull \hbox (badness 10000) in paragraph at lines 876--876
\OT1/cmtt/m/n/10 -fselective-scheduling -fno-ira-share-save-slots
 []


Underfull \hbox (badness 10000) in paragraph at lines 876--876
\OT1/cmtt/m/n/10 -fno-function-cse -funroll-all-loops -fsched-spec-insn-heurist
ic
 []


Underfull \hbox (badness 10000) in paragraph at lines 876--876
\OT1/cmtt/m/n/10 -flimit-function-alignment -fcx-limited-range -fvpt
 []


Underfull \hbox (badness 10000) in paragraph at lines 876--876
[]|\OT1/cmtt/m/n/10 -O3 -fno-function-cse -fvpt -fsched-group-heuristic
 []


Underfull \hbox (badness 10000) in paragraph at lines 876--876
\OT1/cmtt/m/n/10 -flive-range-shrinkage -fivopts -fsched-stalled-insns -fgcse-l
as
 []


Underfull \hbox (badness 10000) in paragraph at lines 876--876
\OT1/cmtt/m/n/10 -ftree-parallelize-loops=16 -fgcse-after-reload -funroll-loops

 []


Underfull \hbox (badness 10000) in paragraph at lines 876--876
\OT1/cmtt/m/n/10 -fno-inline -fno-zero-initialized-in-bss -fsched2-use-superblo
cks
 []


Underfull \hbox (badness 10000) in paragraph at lines 876--876
\OT1/cmtt/m/n/10 -fsched-pressure -fsched-spec-insn-heuristic -fipa-pta
 []


Underfull \hbox (badness 10000) in paragraph at lines 876--876
\OT1/cmtt/m/n/10 -fbranch-target-load-optimize2 -fkeep-inline-functions
 []


Underfull \hbox (badness 10000) in paragraph at lines 876--876
\OT1/cmtt/m/n/10 -fprefetch-loop-arrays -fisolate-erroneous-paths-attribute
 []


Underfull \hbox (badness 10000) in paragraph at lines 876--876
\OT1/cmtt/m/n/10 -ftree-vectorize -fmodulo-sched -funswitch-loops
 []


Underfull \hbox (badness 10000) in paragraph at lines 876--876
\OT1/cmtt/m/n/10 -fdevirtualize-speculatively -ftree-loop-ivcanon -fgcse-sm -fw
eb
 []


Underfull \hbox (badness 10000) in paragraph at lines 876--876
[]|\OT1/cmtt/m/n/10 -O3 -flto -fselective-scheduling -fgcse-sm -floop-unroll-an
d-jam
 []


Overfull \hbox (7.75517pt too wide) in paragraph at lines 876--876
\OT1/cmtt/m/n/10 -flimit-function-alignment -fmodulo-sched -fbranch-target-load
-optimize2
 []


Underfull \hbox (badness 10000) in paragraph at lines 876--876
\OT1/cmtt/m/n/10 -flive-range-shrinkage -fbranch-probabilities -ftree-loop-ivca
non
 []


Underfull \hbox (badness 10000) in paragraph at lines 876--876
\OT1/cmtt/m/n/10 -fno-predictive-commoning -fno-function-cse -fprefetch-loop-ar
rays
 []


Underfull \hbox (badness 10000) in paragraph at lines 876--876
\OT1/cmtt/m/n/10 -fsched-group-heuristic -floop-parallelize-all -fsched-pressur
e
 []


Underfull \hbox (badness 10000) in paragraph at lines 876--876
\OT1/cmtt/m/n/10 -fno-zero-initialized-in-bss -fgcse-after-reload
 []


Underfull \hbox (badness 10000) in paragraph at lines 876--876
\OT1/cmtt/m/n/10 -fsched-stalled-insns-dep -fconserve-stack -ftree-parallelize-
loops=16
 []


Underfull \hbox (badness 10000) in paragraph at lines 876--876
\OT1/cmtt/m/n/10 -fsched-critical-path-heuristic -fcx-limited-range
 []


Underfull \hbox (badness 10000) in paragraph at lines 876--876
\OT1/cmtt/m/n/10 -fkeep-inline-functions -fvariable-expansion-in-unroller
 []


Underfull \hbox (badness 10000) in paragraph at lines 876--876
\OT1/cmtt/m/n/10 -frename-registers -fsection-anchors -fbtr-bb-exclusive
 []


Underfull \hbox (badness 10000) in paragraph at lines 876--876
\OT1/cmtt/m/n/10 -fprofile-use -fsplit-loops -fno-ira-share-save-slots
 []


Underfull \hbox (badness 10000) in paragraph at lines 876--876
\OT1/cmtt/m/n/10 -ftree-loop-im -funroll-all-loops -fsched-last-insn-heuristic
 []


Underfull \hbox (badness 10000) in paragraph at lines 876--876
\OT1/cmtt/m/n/10 -fsched-spec-load-dangerous -fkeep-static-functions
 []


Underfull \hbox (badness 10000) in paragraph at lines 876--876
\OT1/cmtt/m/n/10 -fmerge-all-constants -fdevirtualize-speculatively -fweb
 []


Underfull \hbox (badness 10000) in paragraph at lines 876--876
\OT1/cmtt/m/n/10 -fstdarg-opt -fno-ira-share-spill-slots -fbranch-target-load-o
ptimize
 []


Underfull \hbox (badness 10000) in paragraph at lines 876--876
[]|\OT1/cmtt/m/n/10 -O3 -fselective-scheduling -fsection-anchors -fprefetch-loo
p-arrays
 []


Underfull \hbox (badness 10000) in paragraph at lines 876--876
\OT1/cmtt/m/n/10 -fdevirtualize-speculatively -fsched-dep-count-heuristic
 []


Underfull \hbox (badness 10000) in paragraph at lines 876--876
\OT1/cmtt/m/n/10 -fweb -fisolate-erroneous-paths-attribute -fpeel-loops
 []


Overfull \hbox (2.50522pt too wide) in paragraph at lines 876--876
\OT1/cmtt/m/n/10 -fbranch-target-load-optimize2 -fno-defer-pop -fsched-stalled-
insns-dep
 []


Underfull \hbox (badness 10000) in paragraph at lines 876--876
\OT1/cmtt/m/n/10 -fmerge-all-constants -fbtr-bb-exclusive -ftree-loop-ivcanon
 []


Underfull \hbox (badness 10000) in paragraph at lines 876--876
\OT1/cmtt/m/n/10 -fsched-stalled-insns -fno-ira-share-spill-slots -floop-unroll
-and-jam
 []


Underfull \hbox (badness 10000) in paragraph at lines 876--876
\OT1/cmtt/m/n/10 -fcx-limited-range -flto -fsched2-use-superblocks -fno-functio
n-cse
 []


Underfull \hbox (badness 10000) in paragraph at lines 876--876
\OT1/cmtt/m/n/10 -frename-registers -fvariable-expansion-in-unroller -fivopts
 []


Underfull \hbox (badness 10000) in paragraph at lines 876--876
\OT1/cmtt/m/n/10 -fgcse-after-reload -floop-interchange -fmodulo-sched
 []


Underfull \hbox (badness 10000) in paragraph at lines 876--876
\OT1/cmtt/m/n/10 -fno-predictive-commoning -fsched-spec-insn-heuristic
 []

[8

] [9] [10] (./copt_cw_report.aux) ) 
Here is how much of TeX's memory you used:
 1843 strings out of 493089
 26434 string characters out of 6134842
 125375 words of memory out of 5000000
 5310 multiletter control sequences out of 15000+600000
 9186 words of font info for 33 fonts, out of 8000000 for 9000
 1141 hyphenation exceptions out of 8191
 37i,9n,23p,1135b,265s stack positions out of 5000i,500n,10000p,200000b,80000s
</usr/local/texlive/2015/texmf-dist/fonts/ty
pe1/public/amsfonts/cm/cmbx10.pfb></usr/local/texlive/2015/texmf-dist/fonts/typ
e1/public/amsfonts/cm/cmbx12.pfb></usr/local/texlive/2015/texmf-dist/fonts/type
1/public/amsfonts/cm/cmbx8.pfb></usr/local/texlive/2015/texmf-dist/fonts/type1/
public/amsfonts/cm/cmmi10.pfb></usr/local/texlive/2015/texmf-dist/fonts/type1/p
ublic/amsfonts/cm/cmmi6.pfb></usr/local/texlive/2015/texmf-dist/fonts/type1/pub
lic/amsfonts/cm/cmmi7.pfb></usr/local/texlive/2015/texmf-dist/fonts/type1/publi
c/amsfonts/cm/cmmi8.pfb></usr/local/texlive/2015/texmf-dist/fonts/type1/public/
amsfonts/cm/cmr10.pfb></usr/local/texlive/2015/texmf-dist/fonts/type1/public/am
sfonts/cm/cmr12.pfb></usr/local/texlive/2015/texmf-dist/fonts/type1/public/amsf
onts/cm/cmr6.pfb></usr/local/texlive/2015/texmf-dist/fonts/type1/public/amsfont
s/cm/cmr7.pfb></usr/local/texlive/2015/texmf-dist/fonts/type1/public/amsfonts/c
m/cmr8.pfb></usr/local/texlive/2015/texmf-dist/fonts/type1/public/amsfonts/cm/c
msy10.pfb></usr/local/texlive/2015/texmf-dist/fonts/type1/public/amsfonts/cm/cm
ti10.pfb></usr/local/texlive/2015/texmf-dist/fonts/type1/public/amsfonts/cm/cmt
t10.pfb></usr/local/texlive/2015/texmf-dist/fonts/type1/public/amsfonts/cm/cmtt
8.pfb>
Output written on copt_cw_report.pdf (10 pages, 207284 bytes).
PDF statistics:
 101 PDF objects out of 1000 (max. 8388607)
 72 compressed objects within 1 object stream
 0 named destinations out of 1000 (max. 500000)
 1 words of extra memory for PDF output out of 10000 (max. 10000000)

